-outxml
-source
1.6
-target
1.6
-classpath
C:\Documents and Settings\Administrador\.m2\repository\aopalliance\aopalliance\1.0\aopalliance-1.0.jar;C:\Documents and Settings\Administrador\.m2\repository\bouncycastle\bcmail-jdk14\138\bcmail-jdk14-138.jar;C:\Documents and Settings\Administrador\.m2\repository\bouncycastle\bcmail-jdk15\140\bcmail-jdk15-140.jar;C:\Documents and Settings\Administrador\.m2\repository\bouncycastle\bcprov-jdk14\138\bcprov-jdk14-138.jar;C:\Documents and Settings\Administrador\.m2\repository\bouncycastle\bcprov-jdk15\140\bcprov-jdk15-140.jar;C:\Documents and Settings\Administrador\.m2\repository\com\ibm\icu\icu4j\2.6.1\icu4j-2.6.1.jar;C:\Documents and Settings\Administrador\.m2\repository\com\lowagie\itext\2.0.8\itext-2.0.8.jar;C:\Documents and Settings\Administrador\.m2\repository\commons-dbcp\commons-dbcp\1.2.2\commons-dbcp-1.2.2.jar;C:\Documents and Settings\Administrador\.m2\repository\commons-discovery\commons-discovery\0.4\commons-discovery-0.4.jar;C:\Documents and Settings\Administrador\.m2\repository\commons-logging\commons-logging\1.1.1\commons-logging-1.1.1.jar;C:\Documents and Settings\Administrador\.m2\repository\commons-pool\commons-pool\1.3\commons-pool-1.3.jar;C:\Documents and Settings\Administrador\.m2\repository\dom4j\dom4j\1.6.1\dom4j-1.6.1.jar;C:\Documents and Settings\Administrador\.m2\repository\dom4j\dom4j-core\1.4-dev-8\dom4j-core-1.4-dev-8.jar;C:\Documents and Settings\Administrador\.m2\repository\javax\el\el-api\1.0\el-api-1.0.jar;C:\Documents and Settings\Administrador\.m2\repository\javax\inject\javax.inject\1\javax.inject-1.jar;C:\Documents and Settings\Administrador\.m2\repository\javax\servlet\jstl\1.2\jstl-1.2.jar;C:\Documents and Settings\Administrador\.m2\repository\javax\servlet\servlet-api\2.5\servlet-api-2.5.jar;C:\Documents and Settings\Administrador\.m2\repository\javax\servlet\jsp\jsp-api\2.1\jsp-api-2.1.jar;C:\Documents and Settings\Administrador\.m2\repository\jaxen\jaxen\1.1.1\jaxen-1.1.1.jar;C:\Documents and Settings\Administrador\.m2\repository\jdom\jdom\1.0\jdom-1.0.jar;C:\Documents and Settings\Administrador\.m2\repository\org\apache\axis\axis\1.4\axis-1.4.jar;C:\Documents and Settings\Administrador\.m2\repository\org\apache\axis\axis-jaxrpc\1.4\axis-jaxrpc-1.4.jar;C:\Documents and Settings\Administrador\.m2\repository\org\aspectj\aspectjrt\1.6.9\aspectjrt-1.6.9.jar;C:\Documents and Settings\Administrador\.m2\repository\org\slf4j\slf4j-api\1.5.10\slf4j-api-1.5.10.jar;C:\Documents and Settings\Administrador\.m2\repository\org\springframework\spring-aop\3.0.4.RELEASE\spring-aop-3.0.4.RELEASE.jar;C:\Documents and Settings\Administrador\.m2\repository\org\springframework\spring-asm\3.0.4.RELEASE\spring-asm-3.0.4.RELEASE.jar;C:\Documents and Settings\Administrador\.m2\repository\org\springframework\spring-beans\3.0.4.RELEASE\spring-beans-3.0.4.RELEASE.jar;C:\Documents and Settings\Administrador\.m2\repository\org\springframework\spring-context\3.0.4.RELEASE\spring-context-3.0.4.RELEASE.jar;C:\Documents and Settings\Administrador\.m2\repository\org\springframework\spring-context-support\3.0.4.RELEASE\spring-context-support-3.0.4.RELEASE.jar;C:\Documents and Settings\Administrador\.m2\repository\org\springframework\spring-core\3.0.4.RELEASE\spring-core-3.0.4.RELEASE.jar;C:\Documents and Settings\Administrador\.m2\repository\org\springframework\spring-expression\3.0.4.RELEASE\spring-expression-3.0.4.RELEASE.jar;C:\Documents and Settings\Administrador\.m2\repository\org\springframework\spring-jdbc\3.0.5.RELEASE\spring-jdbc-3.0.5.RELEASE.jar;C:\Documents and Settings\Administrador\.m2\repository\org\springframework\spring-tx\3.0.5.RELEASE\spring-tx-3.0.5.RELEASE.jar;C:\Documents and Settings\Administrador\.m2\repository\org\springframework\spring-web\3.0.4.RELEASE\spring-web-3.0.4.RELEASE.jar;C:\Documents and Settings\Administrador\.m2\repository\org\springframework\spring-webmvc\3.0.4.RELEASE\spring-webmvc-3.0.4.RELEASE.jar;C:\Documents and Settings\Administrador\.m2\repository\org\springframework\roo\org.springframework.roo.annotations\1.0.2.RELEASE\org.springframework.roo.annotations-1.0.2.RELEASE.jar;C:\Documents and Settings\Administrador\.m2\repository\org\springframework\webflow\spring-binding\2.2.1.RELEASE\spring-binding-2.2.1.RELEASE.jar;C:\Documents and Settings\Administrador\.m2\repository\org\springframework\webflow\spring-faces\2.2.1.RELEASE\spring-faces-2.2.1.RELEASE.jar;C:\Documents and Settings\Administrador\.m2\repository\org\springframework\webflow\spring-js\2.2.1.RELEASE\spring-js-2.2.1.RELEASE.jar;C:\Documents and Settings\Administrador\.m2\repository\org\springframework\webflow\spring-js-resources\2.2.1.RELEASE\spring-js-resources-2.2.1.RELEASE.jar;C:\Documents and Settings\Administrador\.m2\repository\org\springframework\webflow\spring-webflow\2.2.1.RELEASE\spring-webflow-2.2.1.RELEASE.jar;C:\Documents and Settings\Administrador\.m2\repository\wsdl4j\wsdl4j\1.6.1\wsdl4j-1.6.1.jar;C:\Documents and Settings\Administrador\.m2\repository\xalan\xalan\2.6.0\xalan-2.6.0.jar;C:\Documents and Settings\Administrador\.m2\repository\xerces\xercesImpl\2.6.2\xercesImpl-2.6.2.jar;C:\Documents and Settings\Administrador\.m2\repository\xerces\xmlParserAPIs\2.6.2\xmlParserAPIs-2.6.2.jar;C:\Documents and Settings\Administrador\.m2\repository\xml-apis\xml-apis\1.3.02\xml-apis-1.3.02.jar;C:\Documents and Settings\Administrador\.m2\repository\xom\xom\1.0\xom-1.0.jar;C:\Documents and Settings\Administrador\Documents\workspace-sts-2.5.2.RELEASE\TractoFE\target\classes
-d
C:\Documents and Settings\Administrador\Documents\workspace-sts-2.5.2.RELEASE\TractoFE\target\classes
C:\Documents and Settings\Administrador\Documents\workspace-sts-2.5.2.RELEASE\TractoFE\src\main\java\FEV1\dif\afip\gov\ar\IvaTipo.java
C:\Documents and Settings\Administrador\Documents\workspace-sts-2.5.2.RELEASE\TractoFE\src\main\java\FEV1\dif\afip\gov\ar\Opcional.java
C:\Documents and Settings\Administrador\Documents\workspace-sts-2.5.2.RELEASE\TractoFE\src\main\java\com\tractoagro\fe\ws\WSAAClientImp.java
C:\Documents and Settings\Administrador\Documents\workspace-sts-2.5.2.RELEASE\TractoFE\src\main\java\FEV1\dif\afip\gov\ar\FECAERequest.java
C:\Documents and Settings\Administrador\Documents\workspace-sts-2.5.2.RELEASE\TractoFE\src\main\java\com\tractoagro\fe\dao\JDBCComprobantesDaoImp.java
C:\Documents and Settings\Administrador\Documents\workspace-sts-2.5.2.RELEASE\TractoFE\src\main\java\FEV1\dif\afip\gov\ar\DocTipo.java
C:\Documents and Settings\Administrador\Documents\workspace-sts-2.5.2.RELEASE\TractoFE\src\main\java\FEV1\dif\afip\gov\ar\FECabResponse.java
C:\Documents and Settings\Administrador\Documents\workspace-sts-2.5.2.RELEASE\TractoFE\src\main\java\FEV1\dif\afip\gov\ar\ServiceSoap.java
C:\Documents and Settings\Administrador\Documents\workspace-sts-2.5.2.RELEASE\TractoFE\src\main\java\FEV1\dif\afip\gov\ar\FERegXReqResponse.java
C:\Documents and Settings\Administrador\Documents\workspace-sts-2.5.2.RELEASE\TractoFE\src\main\java\FEV1\dif\afip\gov\ar\FECAEResponse.java
C:\Documents and Settings\Administrador\Documents\workspace-sts-2.5.2.RELEASE\TractoFE\src\main\java\FEV1\dif\afip\gov\ar\FECompConsultaResponse.java
C:\Documents and Settings\Administrador\Documents\workspace-sts-2.5.2.RELEASE\TractoFE\src\main\java\FEV1\dif\afip\gov\ar\CbteAsoc.java
C:\Documents and Settings\Administrador\Documents\workspace-sts-2.5.2.RELEASE\TractoFE\src\main\java\FEV1\dif\afip\gov\ar\FECAEDetRequest.java
C:\Documents and Settings\Administrador\Documents\workspace-sts-2.5.2.RELEASE\TractoFE\src\main\java\com\tractoagro\fe\view\PdfComprobante.java
C:\Documents and Settings\Administrador\Documents\workspace-sts-2.5.2.RELEASE\TractoFE\src\main\java\FEV1\dif\afip\gov\ar\FECabRequest.java
C:\Documents and Settings\Administrador\Documents\workspace-sts-2.5.2.RELEASE\TractoFE\src\main\java\FEV1\dif\afip\gov\ar\FECAECabRequest.java
C:\Documents and Settings\Administrador\Documents\workspace-sts-2.5.2.RELEASE\TractoFE\src\main\java\FEV1\dif\afip\gov\ar\FECAEASinMovResponse.java
C:\Documents and Settings\Administrador\Documents\workspace-sts-2.5.2.RELEASE\TractoFE\src\main\java\FEV1\dif\afip\gov\ar\FECAEACabRequest.java
C:\Documents and Settings\Administrador\Documents\workspace-sts-2.5.2.RELEASE\TractoFE\src\main\java\FEV1\dif\afip\gov\ar\FEDetResponse.java
C:\Documents and Settings\Administrador\Documents\workspace-sts-2.5.2.RELEASE\TractoFE\src\main\java\FEV1\dif\afip\gov\ar\TributoTipo.java
C:\Documents and Settings\Administrador\Documents\workspace-sts-2.5.2.RELEASE\TractoFE\src\main\java\FEV1\dif\afip\gov\ar\FECAEDetResponse.java
C:\Documents and Settings\Administrador\Documents\workspace-sts-2.5.2.RELEASE\TractoFE\src\main\java\FEV1\dif\afip\gov\ar\FECAEACabResponse.java
C:\Documents and Settings\Administrador\Documents\workspace-sts-2.5.2.RELEASE\TractoFE\src\main\java\FEV1\dif\afip\gov\ar\ServiceSoapProxy.java
C:\Documents and Settings\Administrador\Documents\workspace-sts-2.5.2.RELEASE\TractoFE\src\main\java\com\tractoagro\fe\ComprobantesController.java
C:\Documents and Settings\Administrador\Documents\workspace-sts-2.5.2.RELEASE\TractoFE\src\main\java\com\tractoagro\fe\HomeController.java
C:\Documents and Settings\Administrador\Documents\workspace-sts-2.5.2.RELEASE\TractoFE\src\main\java\FEV1\dif\afip\gov\ar\FECAEAResponse.java
C:\Documents and Settings\Administrador\Documents\workspace-sts-2.5.2.RELEASE\TractoFE\src\main\java\FEV1\dif\afip\gov\ar\Moneda.java
C:\Documents and Settings\Administrador\Documents\workspace-sts-2.5.2.RELEASE\TractoFE\src\main\java\com\tractoagro\fe\service\GenFECAERequest.java
C:\Documents and Settings\Administrador\Documents\workspace-sts-2.5.2.RELEASE\TractoFE\src\main\java\com\tractoagro\fe\dao\ComprobantesDao.java
C:\Documents and Settings\Administrador\Documents\workspace-sts-2.5.2.RELEASE\TractoFE\src\main\java\FEV1\dif\afip\gov\ar\MonedaResponse.java
C:\Documents and Settings\Administrador\Documents\workspace-sts-2.5.2.RELEASE\TractoFE\src\main\java\FEV1\dif\afip\gov\ar\FECAEASinMovConsResponse.java
C:\Documents and Settings\Administrador\Documents\workspace-sts-2.5.2.RELEASE\TractoFE\src\main\java\FEV1\dif\afip\gov\ar\FETributoResponse.java
C:\Documents and Settings\Administrador\Documents\workspace-sts-2.5.2.RELEASE\TractoFE\src\main\java\FEV1\dif\afip\gov\ar\Err.java
C:\Documents and Settings\Administrador\Documents\workspace-sts-2.5.2.RELEASE\TractoFE\src\main\java\FEV1\dif\afip\gov\ar\FERecuperaLastCbteResponse.java
C:\Documents and Settings\Administrador\Documents\workspace-sts-2.5.2.RELEASE\TractoFE\src\main\java\FEV1\dif\afip\gov\ar\FECotizacionResponse.java
C:\Documents and Settings\Administrador\Documents\workspace-sts-2.5.2.RELEASE\TractoFE\src\main\java\FEV1\dif\afip\gov\ar\AlicIva.java
C:\Documents and Settings\Administrador\Documents\workspace-sts-2.5.2.RELEASE\TractoFE\src\main\java\FEV1\dif\afip\gov\ar\ConceptoTipo.java
C:\Documents and Settings\Administrador\Documents\workspace-sts-2.5.2.RELEASE\TractoFE\src\main\java\com\tractoagro\fe\domain\ComprobanteDet.java
C:\Documents and Settings\Administrador\Documents\workspace-sts-2.5.2.RELEASE\TractoFE\src\main\java\FEV1\dif\afip\gov\ar\FECompConsultaReq.java
C:\Documents and Settings\Administrador\Documents\workspace-sts-2.5.2.RELEASE\TractoFE\src\main\java\com\tractoagro\fe\CAEController.java
C:\Documents and Settings\Administrador\Documents\workspace-sts-2.5.2.RELEASE\TractoFE\src\main\java\com\tractoagro\fe\ws\WSAAClient.java
C:\Documents and Settings\Administrador\Documents\workspace-sts-2.5.2.RELEASE\TractoFE\src\main\java\FEV1\dif\afip\gov\ar\Evt.java
C:\Documents and Settings\Administrador\Documents\workspace-sts-2.5.2.RELEASE\TractoFE\src\main\java\FEV1\dif\afip\gov\ar\IvaTipoResponse.java
C:\Documents and Settings\Administrador\Documents\workspace-sts-2.5.2.RELEASE\TractoFE\src\main\java\FEV1\dif\afip\gov\ar\Cotizacion.java
C:\Documents and Settings\Administrador\Documents\workspace-sts-2.5.2.RELEASE\TractoFE\src\main\java\FEV1\dif\afip\gov\ar\FECAEAGet.java
C:\Documents and Settings\Administrador\Documents\workspace-sts-2.5.2.RELEASE\TractoFE\src\main\java\FEV1\dif\afip\gov\ar\FECAEARequest.java
C:\Documents and Settings\Administrador\Documents\workspace-sts-2.5.2.RELEASE\TractoFE\src\main\java\FEV1\dif\afip\gov\ar\OpcionalTipo.java
C:\Documents and Settings\Administrador\Documents\workspace-sts-2.5.2.RELEASE\TractoFE\src\main\java\com\tractoagro\fe\ws\WSFEClientImp.java
C:\Documents and Settings\Administrador\Documents\workspace-sts-2.5.2.RELEASE\TractoFE\src\main\java\FEV1\dif\afip\gov\ar\FECAEADetResponse.java
C:\Documents and Settings\Administrador\Documents\workspace-sts-2.5.2.RELEASE\TractoFE\src\main\java\FEV1\dif\afip\gov\ar\DocTipoResponse.java
C:\Documents and Settings\Administrador\Documents\workspace-sts-2.5.2.RELEASE\TractoFE\src\main\java\com\tractoagro\fe\domain\Comprobante.java
C:\Documents and Settings\Administrador\Documents\workspace-sts-2.5.2.RELEASE\TractoFE\src\main\java\FEV1\dif\afip\gov\ar\CbteTipo.java
C:\Documents and Settings\Administrador\Documents\workspace-sts-2.5.2.RELEASE\TractoFE\src\main\java\FEV1\dif\afip\gov\ar\Service.java
C:\Documents and Settings\Administrador\Documents\workspace-sts-2.5.2.RELEASE\TractoFE\src\main\java\FEV1\dif\afip\gov\ar\FEAuthRequest.java
C:\Documents and Settings\Administrador\Documents\workspace-sts-2.5.2.RELEASE\TractoFE\src\main\java\com\tractoagro\fe\WSAAController.java
C:\Documents and Settings\Administrador\Documents\workspace-sts-2.5.2.RELEASE\TractoFE\src\main\java\com\tractoagro\fe\ws\WSFEClient.java
C:\Documents and Settings\Administrador\Documents\workspace-sts-2.5.2.RELEASE\TractoFE\src\main\java\FEV1\dif\afip\gov\ar\FECAEADetRequest.java
C:\Documents and Settings\Administrador\Documents\workspace-sts-2.5.2.RELEASE\TractoFE\src\main\java\FEV1\dif\afip\gov\ar\FEPtoVentaResponse.java
C:\Documents and Settings\Administrador\Documents\workspace-sts-2.5.2.RELEASE\TractoFE\src\main\java\FEV1\dif\afip\gov\ar\FECompConsResponse.java
C:\Documents and Settings\Administrador\Documents\workspace-sts-2.5.2.RELEASE\TractoFE\src\main\java\FEV1\dif\afip\gov\ar\ServiceSoapStub.java
C:\Documents and Settings\Administrador\Documents\workspace-sts-2.5.2.RELEASE\TractoFE\src\main\java\FEV1\dif\afip\gov\ar\ServiceLocator.java
C:\Documents and Settings\Administrador\Documents\workspace-sts-2.5.2.RELEASE\TractoFE\src\main\java\FEV1\dif\afip\gov\ar\PtoVenta.java
C:\Documents and Settings\Administrador\Documents\workspace-sts-2.5.2.RELEASE\TractoFE\src\main\java\FEV1\dif\afip\gov\ar\OpcionalTipoResponse.java
C:\Documents and Settings\Administrador\Documents\workspace-sts-2.5.2.RELEASE\TractoFE\src\main\java\com\tractoagro\fe\service\GenFECAERequestImp.java
C:\Documents and Settings\Administrador\Documents\workspace-sts-2.5.2.RELEASE\TractoFE\src\main\java\FEV1\dif\afip\gov\ar\Tributo.java
C:\Documents and Settings\Administrador\Documents\workspace-sts-2.5.2.RELEASE\TractoFE\src\main\java\FEV1\dif\afip\gov\ar\Obs.java
C:\Documents and Settings\Administrador\Documents\workspace-sts-2.5.2.RELEASE\TractoFE\src\main\java\FEV1\dif\afip\gov\ar\ConceptoTipoResponse.java
C:\Documents and Settings\Administrador\Documents\workspace-sts-2.5.2.RELEASE\TractoFE\src\main\java\FEV1\dif\afip\gov\ar\DummyResponse.java
C:\Documents and Settings\Administrador\Documents\workspace-sts-2.5.2.RELEASE\TractoFE\src\main\java\FEV1\dif\afip\gov\ar\FECAEASinMov.java
C:\Documents and Settings\Administrador\Documents\workspace-sts-2.5.2.RELEASE\TractoFE\src\main\java\FEV1\dif\afip\gov\ar\FECAECabResponse.java
C:\Documents and Settings\Administrador\Documents\workspace-sts-2.5.2.RELEASE\TractoFE\src\main\java\FEV1\dif\afip\gov\ar\CbteTipoResponse.java
C:\Documents and Settings\Administrador\Documents\workspace-sts-2.5.2.RELEASE\TractoFE\src\main\java\FEV1\dif\afip\gov\ar\FECAEAGetResponse.java
C:\Documents and Settings\Administrador\Documents\workspace-sts-2.5.2.RELEASE\TractoFE\src\main\java\FEV1\dif\afip\gov\ar\FEDetRequest.java
